<?xml version="1.0" encoding="UTF-8"?>
<testng-results ignored="0" total="8" passed="8" failed="0" skipped="0">
  <reporter-output>
  </reporter-output>
  <suite started-at="2023-06-30T17:15:47 IST" name="PetSuite" finished-at="2023-06-30T17:16:04 IST" duration-ms="16454">
    <groups>
    </groups>
    <test started-at="2023-06-30T17:15:47 IST" name="PetTest" finished-at="2023-06-30T17:16:04 IST" duration-ms="16454">
      <class name="api.tests.UserTest2">
        <test-method is-config="true" signature="setupData()[pri:0, instance:api.tests.UserTest2@534a5a98]" started-at="2023-06-30T17:15:58 IST" name="setupData" finished-at="2023-06-30T17:15:58 IST" duration-ms="46" status="PASS">
          <reporter-output>
          </reporter-output>
        </test-method> <!-- setupData -->
        <test-method signature="testPostUser()[pri:1, instance:api.tests.UserTest2@534a5a98]" started-at="2023-06-30T17:15:58 IST" name="testPostUser" finished-at="2023-06-30T17:15:59 IST" duration-ms="1075" status="PASS">
          <reporter-output>
          </reporter-output>
        </test-method> <!-- testPostUser -->
        <test-method signature="testGetUserByName()[pri:2, instance:api.tests.UserTest2@534a5a98]" started-at="2023-06-30T17:15:59 IST" name="testGetUserByName" finished-at="2023-06-30T17:16:00 IST" duration-ms="1063" status="PASS">
          <reporter-output>
          </reporter-output>
        </test-method> <!-- testGetUserByName -->
        <test-method signature="updateUserByName()[pri:3, instance:api.tests.UserTest2@534a5a98]" started-at="2023-06-30T17:16:00 IST" name="updateUserByName" finished-at="2023-06-30T17:16:03 IST" duration-ms="2112" status="PASS">
          <reporter-output>
          </reporter-output>
        </test-method> <!-- updateUserByName -->
        <test-method signature="testDeleteUserByName()[pri:4, instance:api.tests.UserTest2@534a5a98]" started-at="2023-06-30T17:16:03 IST" name="testDeleteUserByName" finished-at="2023-06-30T17:16:04 IST" duration-ms="1001" status="PASS">
          <reporter-output>
          </reporter-output>
        </test-method> <!-- testDeleteUserByName -->
      </class> <!-- api.tests.UserTest2 -->
      <class name="api.tests.UserTest">
        <test-method is-config="true" signature="setupData()[pri:0, instance:api.tests.UserTest@783a467b]" started-at="2023-06-30T17:15:48 IST" name="setupData" finished-at="2023-06-30T17:15:49 IST" duration-ms="1395" status="PASS">
          <reporter-output>
          </reporter-output>
        </test-method> <!-- setupData -->
        <test-method signature="testPostUser()[pri:1, instance:api.tests.UserTest@783a467b]" started-at="2023-06-30T17:15:49 IST" name="testPostUser" finished-at="2023-06-30T17:15:53 IST" duration-ms="4135" status="PASS">
          <reporter-output>
          </reporter-output>
        </test-method> <!-- testPostUser -->
        <test-method signature="testGetUserByName()[pri:2, instance:api.tests.UserTest@783a467b]" started-at="2023-06-30T17:15:53 IST" name="testGetUserByName" finished-at="2023-06-30T17:15:54 IST" duration-ms="1167" status="PASS">
          <reporter-output>
          </reporter-output>
        </test-method> <!-- testGetUserByName -->
        <test-method signature="updateUserByName()[pri:3, instance:api.tests.UserTest@783a467b]" started-at="2023-06-30T17:15:54 IST" name="updateUserByName" finished-at="2023-06-30T17:15:57 IST" duration-ms="2704" status="PASS">
          <reporter-output>
          </reporter-output>
        </test-method> <!-- updateUserByName -->
        <test-method signature="testDeleteUserByName()[pri:4, instance:api.tests.UserTest@783a467b]" started-at="2023-06-30T17:15:57 IST" name="testDeleteUserByName" finished-at="2023-06-30T17:15:58 IST" duration-ms="1096" status="PASS">
          <reporter-output>
          </reporter-output>
        </test-method> <!-- testDeleteUserByName -->
      </class> <!-- api.tests.UserTest -->
    </test> <!-- PetTest -->
  </suite> <!-- PetSuite -->
</testng-results>
