<?xml version="1.0" encoding="UTF-8"?>
<!-- Generated by org.testng.reporters.JUnitXMLReporter -->
<testsuite ignored="0" hostname="DESKTOP-INF5TLD" failures="0" tests="8" name="PetTest" time="16.454" errors="0" timestamp="2023-06-30T17:16:04 IST">
  <testcase classname="api.tests.UserTest" name="testPostUser" time="4.135"/>
  <testcase classname="api.tests.UserTest" name="testGetUserByName" time="1.167"/>
  <testcase classname="api.tests.UserTest" name="updateUserByName" time="2.704"/>
  <testcase classname="api.tests.UserTest" name="testDeleteUserByName" time="1.096"/>
  <testcase classname="api.tests.UserTest2" name="testPostUser" time="1.075"/>
  <testcase classname="api.tests.UserTest2" name="testGetUserByName" time="1.063"/>
  <testcase classname="api.tests.UserTest2" name="updateUserByName" time="2.112"/>
  <testcase classname="api.tests.UserTest2" name="testDeleteUserByName" time="1.001"/>
</testsuite> <!-- PetTest -->
